Watching for file changes with StatReloader
[06/Jun/2026 18:27:50] "GET /api/plans/ HTTP/1.1" 200 3259
[06/Jun/2026 18:28:05] "OPTIONS /api/infrastructure/load-balancers/ HTTP/1.1" 200 0
[06/Jun/2026 18:28:05] "GET /api/plans/ HTTP/1.1" 200 3259
Unauthorized: /api/user-info/
Unauthorized: /api/transactions/
[06/Jun/2026 18:28:05] "GET /api/transactions/ HTTP/1.1" 401 172
Unauthorized: /api/servers/
[06/Jun/2026 18:28:05] "GET /api/user-info/ HTTP/1.1" 401 172
Unauthorized: /api/chat/list/
[06/Jun/2026 18:28:05] "GET /api/servers/ HTTP/1.1" 401 172
Unauthorized: /api/notifications/
[06/Jun/2026 18:28:05] "GET /api/chat/list/ HTTP/1.1" 401 172
Unauthorized: /api/infrastructure/load-balancers/
[06/Jun/2026 18:28:05] "GET /api/notifications/ HTTP/1.1" 401 172
[06/Jun/2026 18:28:05] "GET /api/infrastructure/load-balancers/ HTTP/1.1" 401 172
[06/Jun/2026 18:28:05] "GET /api/plans/ HTTP/1.1" 200 3259
[06/Jun/2026 18:46:50] "GET /api/plans/ HTTP/1.1" 200 3259
[06/Jun/2026 18:47:05] "OPTIONS /auth/jwt/create/ HTTP/1.1" 200 0
[06/Jun/2026 18:47:06] "POST /auth/jwt/create/ HTTP/1.1" 200 489
[06/Jun/2026 18:47:06] "OPTIONS /api/user-info/ HTTP/1.1" 200 0
[06/Jun/2026 18:47:06] "GET /api/plans/ HTTP/1.1" 200 3259
[06/Jun/2026 18:47:06] "OPTIONS /api/servers/ HTTP/1.1" 200 0
[06/Jun/2026 18:47:06] "OPTIONS /api/transactions/ HTTP/1.1" 200 0
[06/Jun/2026 18:47:06] "OPTIONS /api/notifications/ HTTP/1.1" 200 0
[06/Jun/2026 18:47:06] "GET /api/user-info/ HTTP/1.1" 200 178
[06/Jun/2026 18:47:06] "GET /api/transactions/ HTTP/1.1" 200 156
[06/Jun/2026 18:47:06] "GET /api/notifications/ HTTP/1.1" 200 2
[06/Jun/2026 18:47:06] "OPTIONS /api/chat/list/ HTTP/1.1" 200 0
[06/Jun/2026 18:47:06] "GET /api/chat/list/ HTTP/1.1" 200 2
[06/Jun/2026 18:47:07] "GET /api/servers/ HTTP/1.1" 200 2
[06/Jun/2026 18:47:07] "OPTIONS /api/admin/chats/ HTTP/1.1" 200 0
[06/Jun/2026 18:47:07] "GET /api/admin/chats/ HTTP/1.1" 200 138
[06/Jun/2026 18:47:07] "GET /api/settings/ HTTP/1.1" 200 33
[06/Jun/2026 18:47:07] "GET /media/profiles/IMG-20260207-WA0000_GpjOb5W.jpg HTTP/1.1" 200 54768
[06/Jun/2026 18:47:09] "OPTIONS /api/infrastructure/load-balancers/ HTTP/1.1" 200 0
[06/Jun/2026 18:47:09] "GET /api/user-info/ HTTP/1.1" 200 178
[06/Jun/2026 18:47:09] "GET /api/transactions/ HTTP/1.1" 200 156
[06/Jun/2026 18:47:09] "GET /api/plans/ HTTP/1.1" 200 3259
[06/Jun/2026 18:47:09] "GET /api/notifications/ HTTP/1.1" 200 2
[06/Jun/2026 18:47:09] "GET /api/chat/list/ HTTP/1.1" 200 2
[06/Jun/2026 18:47:10] "GET /api/infrastructure/load-balancers/ HTTP/1.1" 200 2
[06/Jun/2026 18:47:10] "GET /api/servers/ HTTP/1.1" 200 2
[06/Jun/2026 18:47:10] "GET /api/admin/chats/ HTTP/1.1" 200 138
[06/Jun/2026 18:47:10] "GET /api/settings/ HTTP/1.1" 200 33
[06/Jun/2026 18:47:25] "OPTIONS /api/infrastructure/firewalls/ HTTP/1.1" 200 0
[06/Jun/2026 18:47:25] "GET /api/plans/ HTTP/1.1" 200 3259
[06/Jun/2026 18:47:25] "GET /api/user-info/ HTTP/1.1" 200 178
[06/Jun/2026 18:47:25] "GET /api/transactions/ HTTP/1.1" 200 156
[06/Jun/2026 18:47:25] "GET /api/notifications/ HTTP/1.1" 200 2
[06/Jun/2026 18:47:25] "GET /api/chat/list/ HTTP/1.1" 200 2
[06/Jun/2026 18:47:25] "GET /api/servers/ HTTP/1.1" 200 2
[06/Jun/2026 18:47:25] "GET /api/admin/chats/ HTTP/1.1" 200 138
[06/Jun/2026 18:47:25] "GET /api/settings/ HTTP/1.1" 200 33
[06/Jun/2026 18:47:25] "GET /api/infrastructure/firewalls/ HTTP/1.1" 200 2
[06/Jun/2026 18:50:32] "GET /api/infrastructure/firewalls/ HTTP/1.1" 200 2
[06/Jun/2026 18:50:34] "GET /api/user-info/ HTTP/1.1" 200 178
[06/Jun/2026 18:50:34] "GET /api/notifications/ HTTP/1.1" 200 2
[06/Jun/2026 18:50:34] "GET /api/chat/list/ HTTP/1.1" 200 2
[06/Jun/2026 18:50:34] "GET /api/plans/ HTTP/1.1" 200 3259
[06/Jun/2026 18:50:34] "GET /api/transactions/ HTTP/1.1" 200 156
[06/Jun/2026 18:50:35] "GET /api/servers/ HTTP/1.1" 200 2
[06/Jun/2026 18:50:35] "GET /api/admin/chats/ HTTP/1.1" 200 138
[06/Jun/2026 18:50:35] "GET /api/settings/ HTTP/1.1" 200 33
[06/Jun/2026 18:50:42] "OPTIONS /api/infrastructure/dns/ HTTP/1.1" 200 0
[06/Jun/2026 18:50:42] "GET /api/plans/ HTTP/1.1" 200 3259
[06/Jun/2026 18:50:42] "GET /api/transactions/ HTTP/1.1" 200 156
[06/Jun/2026 18:50:42] "GET /api/notifications/ HTTP/1.1" 200 2
[06/Jun/2026 18:50:42] "GET /api/user-info/ HTTP/1.1" 200 178
[06/Jun/2026 18:50:42] "GET /api/chat/list/ HTTP/1.1" 200 2
[06/Jun/2026 18:50:42] "GET /api/servers/ HTTP/1.1" 200 2
[06/Jun/2026 18:50:42] "GET /api/admin/chats/ HTTP/1.1" 200 138
[06/Jun/2026 18:50:42] "GET /api/settings/ HTTP/1.1" 200 33
[06/Jun/2026 18:50:42] "GET /api/infrastructure/dns/ HTTP/1.1" 200 2
[06/Jun/2026 18:50:44] "OPTIONS /api/infrastructure/snapshots/ HTTP/1.1" 200 0
[06/Jun/2026 18:50:44] "GET /api/plans/ HTTP/1.1" 200 3259
[06/Jun/2026 18:50:44] "GET /api/user-info/ HTTP/1.1" 200 178
[06/Jun/2026 18:50:44] "GET /api/notifications/ HTTP/1.1" 200 2
[06/Jun/2026 18:50:44] "GET /api/transactions/ HTTP/1.1" 200 156
[06/Jun/2026 18:50:44] "GET /api/chat/list/ HTTP/1.1" 200 2
[06/Jun/2026 18:50:44] "GET /api/servers/ HTTP/1.1" 200 2
[06/Jun/2026 18:50:44] "GET /api/infrastructure/snapshots/ HTTP/1.1" 200 2
[06/Jun/2026 18:50:44] "GET /api/admin/chats/ HTTP/1.1" 200 138
[06/Jun/2026 18:50:44] "GET /api/settings/ HTTP/1.1" 200 33
[06/Jun/2026 18:50:45] "OPTIONS /api/admin/all-transactions/ HTTP/1.1" 200 0
[06/Jun/2026 18:50:45] "GET /api/plans/ HTTP/1.1" 200 3259
[06/Jun/2026 18:50:45] "GET /api/chat/list/ HTTP/1.1" 200 2
[06/Jun/2026 18:50:45] "GET /api/notifications/ HTTP/1.1" 200 2
[06/Jun/2026 18:50:45] "GET /api/transactions/ HTTP/1.1" 200 156
[06/Jun/2026 18:50:45] "GET /api/user-info/ HTTP/1.1" 200 178
[06/Jun/2026 18:50:45] "GET /api/admin/all-transactions/ HTTP/1.1" 200 551
[06/Jun/2026 18:50:46] "GET /api/servers/ HTTP/1.1" 200 2
[06/Jun/2026 18:50:46] "GET /api/admin/chats/ HTTP/1.1" 200 138
[06/Jun/2026 18:50:46] "GET /api/settings/ HTTP/1.1" 200 33
[06/Jun/2026 18:50:48] "GET /api/notifications/ HTTP/1.1" 200 2
[06/Jun/2026 18:50:48] "GET /api/plans/ HTTP/1.1" 200 3259
[06/Jun/2026 18:50:48] "GET /api/user-info/ HTTP/1.1" 200 178
[06/Jun/2026 18:50:48] "GET /api/transactions/ HTTP/1.1" 200 156
[06/Jun/2026 18:50:48] "GET /api/chat/list/ HTTP/1.1" 200 2
[06/Jun/2026 18:50:49] "GET /api/servers/ HTTP/1.1" 200 2
[06/Jun/2026 18:50:49] "GET /api/admin/chats/ HTTP/1.1" 200 138
[06/Jun/2026 18:50:49] "GET /api/settings/ HTTP/1.1" 200 33
[06/Jun/2026 18:50:49] "GET /api/infrastructure/load-balancers/ HTTP/1.1" 200 2
[06/Jun/2026 18:50:51] "OPTIONS /api/infrastructure/networks/ HTTP/1.1" 200 0
[06/Jun/2026 18:50:51] "GET /api/user-info/ HTTP/1.1" 200 178
[06/Jun/2026 18:50:51] "GET /api/plans/ HTTP/1.1" 200 3259
[06/Jun/2026 18:50:51] "GET /api/chat/list/ HTTP/1.1" 200 2
[06/Jun/2026 18:50:51] "GET /api/notifications/ HTTP/1.1" 200 2
[06/Jun/2026 18:50:51] "GET /api/transactions/ HTTP/1.1" 200 156
[06/Jun/2026 18:50:51] "GET /api/servers/ HTTP/1.1" 200 2
[06/Jun/2026 18:50:51] "GET /api/admin/chats/ HTTP/1.1" 200 138
[06/Jun/2026 18:50:51] "GET /api/settings/ HTTP/1.1" 200 33
[06/Jun/2026 18:50:51] "GET /api/infrastructure/networks/ HTTP/1.1" 200 2
[06/Jun/2026 18:50:54] "GET /api/plans/ HTTP/1.1" 200 3259
[06/Jun/2026 18:50:54] "GET /api/transactions/ HTTP/1.1" 200 156
[06/Jun/2026 18:50:54] "GET /api/user-info/ HTTP/1.1" 200 178
[06/Jun/2026 18:50:54] "GET /api/notifications/ HTTP/1.1" 200 2
[06/Jun/2026 18:50:54] "GET /api/chat/list/ HTTP/1.1" 200 2
[06/Jun/2026 18:50:54] "GET /api/infrastructure/networks/ HTTP/1.1" 200 2
[06/Jun/2026 18:50:54] "GET /api/servers/ HTTP/1.1" 200 2
[06/Jun/2026 18:50:54] "GET /api/admin/chats/ HTTP/1.1" 200 138
[06/Jun/2026 18:50:54] "GET /api/settings/ HTTP/1.1" 200 33
[06/Jun/2026 18:50:59] "OPTIONS /api/infrastructure/storage/ HTTP/1.1" 200 0
[06/Jun/2026 18:50:59] "GET /api/transactions/ HTTP/1.1" 200 156
[06/Jun/2026 18:50:59] "GET /api/plans/ HTTP/1.1" 200 3259
[06/Jun/2026 18:50:59] "GET /api/user-info/ HTTP/1.1" 200 178
[06/Jun/2026 18:50:59] "GET /api/notifications/ HTTP/1.1" 200 2
[06/Jun/2026 18:50:59] "GET /api/chat/list/ HTTP/1.1" 200 2
[06/Jun/2026 18:50:59] "GET /api/infrastructure/storage/ HTTP/1.1" 200 2
[06/Jun/2026 18:50:59] "GET /api/servers/ HTTP/1.1" 200 2
[06/Jun/2026 18:50:59] "GET /api/admin/chats/ HTTP/1.1" 200 138
[06/Jun/2026 18:50:59] "GET /api/settings/ HTTP/1.1" 200 33
[06/Jun/2026 18:51:02] "GET /api/user-info/ HTTP/1.1" 200 178
[06/Jun/2026 18:51:02] "GET /api/plans/ HTTP/1.1" 200 3259
[06/Jun/2026 18:51:02] "GET /api/notifications/ HTTP/1.1" 200 2
[06/Jun/2026 18:51:02] "GET /api/transactions/ HTTP/1.1" 200 156
[06/Jun/2026 18:51:02] "GET /api/chat/list/ HTTP/1.1" 200 2
[06/Jun/2026 18:51:02] "GET /api/servers/ HTTP/1.1" 200 2
[06/Jun/2026 18:51:02] "GET /api/admin/chats/ HTTP/1.1" 200 138
[06/Jun/2026 18:51:02] "GET /api/settings/ HTTP/1.1" 200 33
[06/Jun/2026 18:51:04] "GET /api/plans/ HTTP/1.1" 200 3259
[06/Jun/2026 18:51:04] "GET /api/user-info/ HTTP/1.1" 200 178
[06/Jun/2026 18:51:04] "GET /api/transactions/ HTTP/1.1" 200 156
[06/Jun/2026 18:51:04] "GET /api/notifications/ HTTP/1.1" 200 2
[06/Jun/2026 18:51:04] "GET /api/chat/list/ HTTP/1.1" 200 2
[06/Jun/2026 18:51:04] "GET /api/servers/ HTTP/1.1" 200 2
[06/Jun/2026 18:51:04] "GET /api/admin/chats/ HTTP/1.1" 200 138
[06/Jun/2026 18:51:04] "GET /api/settings/ HTTP/1.1" 200 33
[06/Jun/2026 18:51:05] "GET /api/transactions/ HTTP/1.1" 200 156
[06/Jun/2026 18:51:05] "GET /api/notifications/ HTTP/1.1" 200 2
[06/Jun/2026 18:51:05] "GET /api/user-info/ HTTP/1.1" 200 178
[06/Jun/2026 18:51:05] "GET /api/plans/ HTTP/1.1" 200 3259
[06/Jun/2026 18:51:05] "GET /api/chat/list/ HTTP/1.1" 200 2
[06/Jun/2026 18:51:05] "GET /api/servers/ HTTP/1.1" 200 2
[06/Jun/2026 18:51:05] "GET /api/admin/chats/ HTTP/1.1" 200 138
[06/Jun/2026 18:51:05] "GET /api/settings/ HTTP/1.1" 200 33
[06/Jun/2026 18:51:09] "GET /api/notifications/ HTTP/1.1" 200 2
[06/Jun/2026 18:51:09] "GET /api/plans/ HTTP/1.1" 200 3259
[06/Jun/2026 18:51:09] "GET /api/chat/list/ HTTP/1.1" 200 2
[06/Jun/2026 18:51:09] "GET /api/transactions/ HTTP/1.1" 200 156
[06/Jun/2026 18:51:09] "GET /api/user-info/ HTTP/1.1" 200 178
[06/Jun/2026 18:51:09] "GET /api/servers/ HTTP/1.1" 200 2
[06/Jun/2026 18:51:09] "GET /api/admin/chats/ HTTP/1.1" 200 138
[06/Jun/2026 18:51:09] "GET /api/settings/ HTTP/1.1" 200 33
[06/Jun/2026 18:51:10] "OPTIONS /api/order/ HTTP/1.1" 200 0
[06/Jun/2026 18:51:11] "POST /api/order/ HTTP/1.1" 200 165
[06/Jun/2026 18:51:11] "GET /api/user-info/ HTTP/1.1" 200 178
[06/Jun/2026 18:51:11] "GET /api/chat/list/ HTTP/1.1" 200 2
[06/Jun/2026 18:51:11] "GET /api/notifications/ HTTP/1.1" 200 2
[06/Jun/2026 18:51:11] "GET /api/transactions/ HTTP/1.1" 200 315
[06/Jun/2026 18:51:11] "GET /api/servers/ HTTP/1.1" 200 2
[06/Jun/2026 18:51:11] "GET /api/admin/chats/ HTTP/1.1" 200 138
[06/Jun/2026 18:51:11] "GET /api/settings/ HTTP/1.1" 200 33
[06/Jun/2026 18:51:36] "POST /api/order/ HTTP/1.1" 200 175
[06/Jun/2026 18:51:36] "GET /api/transactions/ HTTP/1.1" 200 474
[06/Jun/2026 18:51:36] "GET /api/user-info/ HTTP/1.1" 200 178
[06/Jun/2026 18:51:36] "GET /api/notifications/ HTTP/1.1" 200 2
[06/Jun/2026 18:51:36] "GET /api/chat/list/ HTTP/1.1" 200 2
[06/Jun/2026 18:51:36] "GET /api/servers/ HTTP/1.1" 200 2
[06/Jun/2026 18:51:36] "GET /api/admin/chats/ HTTP/1.1" 200 138
[06/Jun/2026 18:51:36] "GET /api/settings/ HTTP/1.1" 200 33
Unauthorized: /api/servers/
[06/Jun/2026 18:52:56] "GET /api/servers/ HTTP/1.1" 401 172
Unauthorized: /api/admin/all-transactions/
Unauthorized: /api/user-info/
[06/Jun/2026 18:52:56] "GET /api/admin/all-transactions/ HTTP/1.1" 401 172
Unauthorized: /api/chat/list/
[06/Jun/2026 18:52:56] "GET /api/user-info/ HTTP/1.1" 401 172
[06/Jun/2026 18:52:56] "GET /api/chat/list/ HTTP/1.1" 401 172
Unauthorized: /api/transactions/
Unauthorized: /api/notifications/
[06/Jun/2026 18:52:56] "GET /api/transactions/ HTTP/1.1" 401 172
[06/Jun/2026 18:52:56] "GET /api/notifications/ HTTP/1.1" 401 172
[06/Jun/2026 18:52:56] "GET /api/plans/ HTTP/1.1" 200 3259
[06/Jun/2026 18:52:56] "GET /api/plans/ HTTP/1.1" 200 3259
[06/Jun/2026 18:53:11] "POST /auth/jwt/create/ HTTP/1.1" 200 489
[06/Jun/2026 18:53:11] "GET /api/user-info/ HTTP/1.1" 200 178
[06/Jun/2026 18:53:11] "GET /api/chat/list/ HTTP/1.1" 200 2
[06/Jun/2026 18:53:11] "GET /api/notifications/ HTTP/1.1" 200 2
[06/Jun/2026 18:53:11] "GET /api/transactions/ HTTP/1.1" 200 474
[06/Jun/2026 18:53:11] "GET /api/plans/ HTTP/1.1" 200 3259
[06/Jun/2026 18:53:12] "GET /api/servers/ HTTP/1.1" 200 2
[06/Jun/2026 18:53:12] "GET /api/admin/chats/ HTTP/1.1" 200 138
[06/Jun/2026 18:53:12] "GET /api/settings/ HTTP/1.1" 200 33
[06/Jun/2026 18:53:15] "GET /api/admin/all-transactions/ HTTP/1.1" 200 921
[06/Jun/2026 18:53:15] "GET /api/user-info/ HTTP/1.1" 200 178
[06/Jun/2026 18:53:15] "GET /api/transactions/ HTTP/1.1" 200 474
[06/Jun/2026 18:53:15] "GET /api/plans/ HTTP/1.1" 200 3259
[06/Jun/2026 18:53:15] "GET /api/notifications/ HTTP/1.1" 200 2
[06/Jun/2026 18:53:15] "GET /api/chat/list/ HTTP/1.1" 200 2
[06/Jun/2026 18:53:15] "GET /api/servers/ HTTP/1.1" 200 2
[06/Jun/2026 18:53:15] "GET /api/admin/chats/ HTTP/1.1" 200 138
[06/Jun/2026 18:53:15] "GET /api/settings/ HTTP/1.1" 200 33
[06/Jun/2026 18:56:18] "GET /api/plans/ HTTP/1.1" 200 3259
[06/Jun/2026 18:56:18] "GET /api/chat/list/ HTTP/1.1" 200 2
[06/Jun/2026 18:56:18] "GET /api/notifications/ HTTP/1.1" 200 2
[06/Jun/2026 18:56:18] "GET /api/transactions/ HTTP/1.1" 200 474
[06/Jun/2026 18:56:18] "GET /api/user-info/ HTTP/1.1" 200 178
[06/Jun/2026 18:56:20] "GET /api/servers/ HTTP/1.1" 200 2
[06/Jun/2026 18:56:20] "GET /api/admin/chats/ HTTP/1.1" 200 138
[06/Jun/2026 18:56:20] "GET /api/settings/ HTTP/1.1" 200 33
Unauthorized: /api/servers/
[06/Jun/2026 19:01:41] "GET /api/servers/ HTTP/1.1" 401 172
Unauthorized: /api/user-info/
[06/Jun/2026 19:01:41] "GET /api/user-info/ HTTP/1.1" 401 172
[06/Jun/2026 19:01:41] "GET /api/plans/ HTTP/1.1" 200 3259
Unauthorized: /api/transactions/
[06/Jun/2026 19:01:41] "GET /api/transactions/ HTTP/1.1" 401 172
Unauthorized: /api/notifications/
[06/Jun/2026 19:01:41] "GET /api/notifications/ HTTP/1.1" 401 172
Unauthorized: /api/chat/list/
[06/Jun/2026 19:01:41] "GET /api/chat/list/ HTTP/1.1" 401 172
[06/Jun/2026 19:01:41] "GET /api/plans/ HTTP/1.1" 200 3259
[06/Jun/2026 19:02:02] "POST /auth/jwt/create/ HTTP/1.1" 200 489
[06/Jun/2026 19:02:02] "GET /api/user-info/ HTTP/1.1" 200 178
[06/Jun/2026 19:02:02] "GET /api/plans/ HTTP/1.1" 200 3259
[06/Jun/2026 19:02:02] "GET /api/transactions/ HTTP/1.1" 200 474
[06/Jun/2026 19:02:02] "GET /api/chat/list/ HTTP/1.1" 200 2
[06/Jun/2026 19:02:02] "GET /api/notifications/ HTTP/1.1" 200 2
[06/Jun/2026 19:02:03] "GET /api/servers/ HTTP/1.1" 200 2
[06/Jun/2026 19:02:03] "GET /api/admin/chats/ HTTP/1.1" 200 138
[06/Jun/2026 19:02:03] "GET /api/settings/ HTTP/1.1" 200 33
[06/Jun/2026 19:05:29] "GET /api/admin/all-transactions/ HTTP/1.1" 200 921
[06/Jun/2026 19:05:29] "GET /api/plans/ HTTP/1.1" 200 3259
[06/Jun/2026 19:05:29] "GET /api/notifications/ HTTP/1.1" 200 2
[06/Jun/2026 19:05:29] "GET /api/user-info/ HTTP/1.1" 200 178
[06/Jun/2026 19:05:29] "GET /api/chat/list/ HTTP/1.1" 200 2
[06/Jun/2026 19:05:29] "GET /api/transactions/ HTTP/1.1" 200 474
[06/Jun/2026 19:05:29] "GET /api/servers/ HTTP/1.1" 200 2
[06/Jun/2026 19:05:29] "GET /api/admin/chats/ HTTP/1.1" 200 138
[06/Jun/2026 19:05:29] "GET /api/settings/ HTTP/1.1" 200 33
[06/Jun/2026 19:06:38] "GET /api/plans/ HTTP/1.1" 200 3259
[06/Jun/2026 19:06:38] "GET /api/admin/all-transactions/ HTTP/1.1" 200 921
[06/Jun/2026 19:06:38] "GET /api/user-info/ HTTP/1.1" 200 178
[06/Jun/2026 19:06:38] "GET /api/notifications/ HTTP/1.1" 200 2
[06/Jun/2026 19:06:38] "GET /api/chat/list/ HTTP/1.1" 200 2
[06/Jun/2026 19:06:38] "GET /api/transactions/ HTTP/1.1" 200 474
[06/Jun/2026 19:06:39] "GET /api/servers/ HTTP/1.1" 200 2
[06/Jun/2026 19:06:39] "GET /api/admin/chats/ HTTP/1.1" 200 138
[06/Jun/2026 19:06:39] "GET /api/settings/ HTTP/1.1" 200 33
[06/Jun/2026 19:06:52] "GET /api/admin/all-transactions/ HTTP/1.1" 200 921
Unauthorized: /api/user-info/
Unauthorized: /api/servers/
Unauthorized: /api/transactions/
[06/Jun/2026 19:07:09] "GET /api/transactions/ HTTP/1.1" 401 172
Unauthorized: /api/notifications/
[06/Jun/2026 19:07:09] "GET /api/servers/ HTTP/1.1" 401 172
[06/Jun/2026 19:07:09] "GET /api/notifications/ HTTP/1.1" 401 172
Unauthorized: /api/chat/list/
[06/Jun/2026 19:07:09] "GET /api/user-info/ HTTP/1.1" 401 172
[06/Jun/2026 19:07:09] "GET /api/chat/list/ HTTP/1.1" 401 172
[06/Jun/2026 19:07:09] "GET /api/plans/ HTTP/1.1" 200 3259
[06/Jun/2026 19:07:09] "GET /api/plans/ HTTP/1.1" 200 3259
[06/Jun/2026 19:07:37] "GET /api/plans/ HTTP/1.1" 200 3259
[06/Jun/2026 19:07:56] "POST /auth/jwt/create/ HTTP/1.1" 200 489
[06/Jun/2026 19:07:56] "GET /api/user-info/ HTTP/1.1" 200 178
[06/Jun/2026 19:07:56] "GET /api/chat/list/ HTTP/1.1" 200 2
[06/Jun/2026 19:07:56] "GET /api/plans/ HTTP/1.1" 200 3259
[06/Jun/2026 19:07:56] "GET /api/transactions/ HTTP/1.1" 200 474
[06/Jun/2026 19:07:56] "GET /api/notifications/ HTTP/1.1" 200 2
[06/Jun/2026 19:07:56] "GET /media/profiles/IMG-20260207-WA0000_GpjOb5W.jpg HTTP/1.1" 304 0
[06/Jun/2026 19:07:57] "GET /api/servers/ HTTP/1.1" 200 2
[06/Jun/2026 19:07:57] "GET /api/admin/chats/ HTTP/1.1" 200 138
[06/Jun/2026 19:07:57] "GET /api/settings/ HTTP/1.1" 200 33
[06/Jun/2026 19:11:01] "GET /api/user-info/ HTTP/1.1" 200 178
[06/Jun/2026 19:11:01] "GET /api/plans/ HTTP/1.1" 200 3259
[06/Jun/2026 19:11:01] "GET /api/transactions/ HTTP/1.1" 200 474
[06/Jun/2026 19:11:01] "GET /api/chat/list/ HTTP/1.1" 200 2
[06/Jun/2026 19:11:01] "GET /api/notifications/ HTTP/1.1" 200 2
[06/Jun/2026 19:11:02] "GET /api/servers/ HTTP/1.1" 200 2
[06/Jun/2026 19:11:02] "GET /api/admin/chats/ HTTP/1.1" 200 138
[06/Jun/2026 19:11:02] "GET /api/settings/ HTTP/1.1" 200 33
[06/Jun/2026 19:11:10] "GET /api/plans/ HTTP/1.1" 200 3259
[06/Jun/2026 19:11:10] "GET /api/user-info/ HTTP/1.1" 200 178
[06/Jun/2026 19:11:10] "GET /api/transactions/ HTTP/1.1" 200 474
[06/Jun/2026 19:11:10] "GET /api/notifications/ HTTP/1.1" 200 2
[06/Jun/2026 19:11:10] "GET /api/chat/list/ HTTP/1.1" 200 2
[06/Jun/2026 19:11:10] "GET /api/admin/all-transactions/ HTTP/1.1" 200 921
[06/Jun/2026 19:11:11] "GET /api/servers/ HTTP/1.1" 200 2
[06/Jun/2026 19:11:11] "GET /api/admin/chats/ HTTP/1.1" 200 138
[06/Jun/2026 19:11:11] "GET /api/settings/ HTTP/1.1" 200 33
[06/Jun/2026 19:11:27] "GET /api/plans/ HTTP/1.1" 200 3259
[06/Jun/2026 19:11:27] "GET /api/admin/chats/ HTTP/1.1" 200 138
[06/Jun/2026 19:11:27] "GET /api/notifications/ HTTP/1.1" 200 2
[06/Jun/2026 19:11:27] "GET /api/transactions/ HTTP/1.1" 200 474
[06/Jun/2026 19:11:27] "GET /api/chat/list/ HTTP/1.1" 200 2
[06/Jun/2026 19:11:27] "GET /api/user-info/ HTTP/1.1" 200 178
[06/Jun/2026 19:11:28] "GET /api/servers/ HTTP/1.1" 200 2
[06/Jun/2026 19:11:28] "GET /api/admin/chats/ HTTP/1.1" 200 138
[06/Jun/2026 19:11:28] "GET /api/settings/ HTTP/1.1" 200 33
[06/Jun/2026 19:11:28] "OPTIONS /api/admin/users/ HTTP/1.1" 200 0
[06/Jun/2026 19:11:28] "OPTIONS /api/admin/manual-requests/ HTTP/1.1" 200 0
[06/Jun/2026 19:11:28] "OPTIONS /api/admin/all-servers/ HTTP/1.1" 200 0
[06/Jun/2026 19:11:28] "OPTIONS /api/admin/stats/ HTTP/1.1" 200 0
[06/Jun/2026 19:11:28] "GET /api/admin/manual-requests/ HTTP/1.1" 200 2
[06/Jun/2026 19:11:28] "GET /api/admin/users/ HTTP/1.1" 200 391
[06/Jun/2026 19:11:28] "GET /api/admin/all-servers/ HTTP/1.1" 200 2
[06/Jun/2026 19:11:28] "GET /api/admin/stats/ HTTP/1.1" 200 1259
[06/Jun/2026 19:11:28] "OPTIONS /api/admin/unapproved-users/ HTTP/1.1" 200 0
[06/Jun/2026 19:11:28] "GET /api/admin/unapproved-users/ HTTP/1.1" 200 2
[06/Jun/2026 19:11:30] "GET /api/admin/chats/ HTTP/1.1" 200 138
[06/Jun/2026 19:11:33] "GET /api/admin/chats/ HTTP/1.1" 200 138
[06/Jun/2026 19:11:35] "GET /api/plans/ HTTP/1.1" 200 3259
[06/Jun/2026 19:11:35] "GET /api/user-info/ HTTP/1.1" 200 178
[06/Jun/2026 19:11:35] "GET /api/chat/list/ HTTP/1.1" 200 2
[06/Jun/2026 19:11:35] "GET /api/transactions/ HTTP/1.1" 200 474
[06/Jun/2026 19:11:35] "GET /api/notifications/ HTTP/1.1" 200 2
[06/Jun/2026 19:11:36] "GET /api/servers/ HTTP/1.1" 200 2
[06/Jun/2026 19:11:36] "GET /api/admin/chats/ HTTP/1.1" 200 138
[06/Jun/2026 19:11:36] "GET /api/settings/ HTTP/1.1" 200 33
[06/Jun/2026 19:11:39] "GET /api/user-info/ HTTP/1.1" 200 178
[06/Jun/2026 19:11:39] "GET /api/transactions/ HTTP/1.1" 200 474
[06/Jun/2026 19:11:39] "GET /api/plans/ HTTP/1.1" 200 3259
[06/Jun/2026 19:11:39] "GET /api/chat/list/ HTTP/1.1" 200 2
[06/Jun/2026 19:11:39] "GET /api/notifications/ HTTP/1.1" 200 2
[06/Jun/2026 19:11:39] "GET /api/servers/ HTTP/1.1" 200 2
[06/Jun/2026 19:11:39] "GET /api/admin/chats/ HTTP/1.1" 200 138
[06/Jun/2026 19:11:39] "GET /api/settings/ HTTP/1.1" 200 33
[06/Jun/2026 19:11:45] "GET /api/plans/ HTTP/1.1" 200 3259
[06/Jun/2026 19:11:45] "GET /api/user-info/ HTTP/1.1" 200 178
[06/Jun/2026 19:11:45] "GET /api/notifications/ HTTP/1.1" 200 2
[06/Jun/2026 19:11:45] "GET /api/chat/list/ HTTP/1.1" 200 2
[06/Jun/2026 19:11:45] "GET /api/transactions/ HTTP/1.1" 200 474
[06/Jun/2026 19:11:45] "GET /api/servers/ HTTP/1.1" 200 2
[06/Jun/2026 19:11:45] "GET /api/admin/chats/ HTTP/1.1" 200 138
[06/Jun/2026 19:11:45] "GET /api/settings/ HTTP/1.1" 200 33
[06/Jun/2026 19:12:24] "GET /api/plans/ HTTP/1.1" 200 3259
[06/Jun/2026 19:12:24] "GET /api/chat/list/ HTTP/1.1" 200 2
[06/Jun/2026 19:12:24] "GET /api/user-info/ HTTP/1.1" 200 178
[06/Jun/2026 19:12:24] "GET /api/transactions/ HTTP/1.1" 200 474
[06/Jun/2026 19:12:24] "GET /api/notifications/ HTTP/1.1" 200 2
[06/Jun/2026 19:12:24] "GET /api/servers/ HTTP/1.1" 200 2
[06/Jun/2026 19:12:24] "GET /api/admin/chats/ HTTP/1.1" 200 138
[06/Jun/2026 19:12:24] "GET /api/settings/ HTTP/1.1" 200 33
[06/Jun/2026 19:12:27] "GET /api/user-info/ HTTP/1.1" 200 178
[06/Jun/2026 19:12:27] "GET /api/notifications/ HTTP/1.1" 200 2
[06/Jun/2026 19:12:27] "GET /api/transactions/ HTTP/1.1" 200 474
[06/Jun/2026 19:12:27] "GET /api/chat/list/ HTTP/1.1" 200 2
[06/Jun/2026 19:12:27] "GET /api/plans/ HTTP/1.1" 200 3259
[06/Jun/2026 19:12:27] "GET /api/servers/ HTTP/1.1" 200 2
[06/Jun/2026 19:12:27] "GET /api/admin/chats/ HTTP/1.1" 200 138
[06/Jun/2026 19:12:27] "GET /api/settings/ HTTP/1.1" 200 33
[06/Jun/2026 19:12:29] "GET /api/plans/ HTTP/1.1" 200 3259
[06/Jun/2026 19:12:29] "GET /api/user-info/ HTTP/1.1" 200 178
[06/Jun/2026 19:12:29] "GET /api/transactions/ HTTP/1.1" 200 474
[06/Jun/2026 19:12:29] "GET /api/notifications/ HTTP/1.1" 200 2
[06/Jun/2026 19:12:29] "GET /api/admin/all-servers/ HTTP/1.1" 200 2
[06/Jun/2026 19:12:29] "GET /api/chat/list/ HTTP/1.1" 200 2
[06/Jun/2026 19:12:29] "GET /api/servers/ HTTP/1.1" 200 2
[06/Jun/2026 19:12:29] "GET /api/admin/chats/ HTTP/1.1" 200 138
[06/Jun/2026 19:12:29] "GET /api/settings/ HTTP/1.1" 200 33
[06/Jun/2026 19:12:29] "GET /api/admin/manual-requests/ HTTP/1.1" 200 2
[06/Jun/2026 19:12:29] "GET /api/admin/all-servers/ HTTP/1.1" 200 2
[06/Jun/2026 19:12:29] "GET /api/admin/users/ HTTP/1.1" 200 391
[06/Jun/2026 19:12:29] "GET /api/admin/stats/ HTTP/1.1" 200 1259
[06/Jun/2026 19:12:29] "GET /api/admin/unapproved-users/ HTTP/1.1" 200 2
[06/Jun/2026 19:12:31] "GET /api/plans/ HTTP/1.1" 200 3259
[06/Jun/2026 19:12:31] "GET /api/notifications/ HTTP/1.1" 200 2
[06/Jun/2026 19:12:31] "GET /api/chat/list/ HTTP/1.1" 200 2
[06/Jun/2026 19:12:31] "GET /api/transactions/ HTTP/1.1" 200 474
[06/Jun/2026 19:12:31] "GET /api/user-info/ HTTP/1.1" 200 178
[06/Jun/2026 19:12:31] "GET /api/servers/ HTTP/1.1" 200 2
[06/Jun/2026 19:12:31] "GET /api/admin/chats/ HTTP/1.1" 200 138
[06/Jun/2026 19:12:31] "GET /api/settings/ HTTP/1.1" 200 33
[06/Jun/2026 19:12:31] "GET /api/admin/manual-requests/ HTTP/1.1" 200 2
[06/Jun/2026 19:12:31] "GET /api/admin/users/ HTTP/1.1" 200 391
[06/Jun/2026 19:12:31] "GET /api/admin/all-servers/ HTTP/1.1" 200 2
[06/Jun/2026 19:12:31] "GET /api/admin/stats/ HTTP/1.1" 200 1259
[06/Jun/2026 19:12:31] "GET /api/admin/unapproved-users/ HTTP/1.1" 200 2
[06/Jun/2026 19:12:46] "GET /api/plans/ HTTP/1.1" 200 3259
[06/Jun/2026 19:12:46] "GET /api/chat/list/ HTTP/1.1" 200 2
[06/Jun/2026 19:12:46] "GET /api/notifications/ HTTP/1.1" 200 2
[06/Jun/2026 19:12:46] "GET /api/transactions/ HTTP/1.1" 200 474
[06/Jun/2026 19:12:46] "GET /api/user-info/ HTTP/1.1" 200 178
[06/Jun/2026 19:12:46] "GET /api/servers/ HTTP/1.1" 200 2
[06/Jun/2026 19:12:46] "GET /api/admin/chats/ HTTP/1.1" 200 138
[06/Jun/2026 19:12:47] "GET /api/settings/ HTTP/1.1" 200 33
[06/Jun/2026 19:12:52] "GET /api/user-info/ HTTP/1.1" 200 178
[06/Jun/2026 19:12:52] "GET /api/plans/ HTTP/1.1" 200 3259
[06/Jun/2026 19:12:52] "GET /api/chat/list/ HTTP/1.1" 200 2
[06/Jun/2026 19:12:52] "GET /api/transactions/ HTTP/1.1" 200 474
[06/Jun/2026 19:12:52] "GET /api/notifications/ HTTP/1.1" 200 2
[06/Jun/2026 19:12:52] "GET /api/servers/ HTTP/1.1" 200 2
[06/Jun/2026 19:12:52] "GET /api/admin/chats/ HTTP/1.1" 200 138
[06/Jun/2026 19:12:52] "GET /api/settings/ HTTP/1.1" 200 33
[06/Jun/2026 19:12:55] "GET /api/plans/ HTTP/1.1" 200 3259
[06/Jun/2026 19:12:55] "GET /api/chat/list/ HTTP/1.1" 200 2
[06/Jun/2026 19:12:55] "GET /api/user-info/ HTTP/1.1" 200 178
[06/Jun/2026 19:12:55] "GET /api/notifications/ HTTP/1.1" 200 2
[06/Jun/2026 19:12:55] "GET /api/transactions/ HTTP/1.1" 200 474
[06/Jun/2026 19:12:55] "GET /api/servers/ HTTP/1.1" 200 2
[06/Jun/2026 19:12:55] "GET /api/admin/chats/ HTTP/1.1" 200 138
[06/Jun/2026 19:12:55] "GET /api/settings/ HTTP/1.1" 200 33
Unauthorized: /api/user-info/
Unauthorized: /api/transactions/
Unauthorized: /api/servers/
[06/Jun/2026 19:12:57] "GET /api/user-info/ HTTP/1.1" 401 172
Unauthorized: /api/notifications/
Unauthorized: /api/chat/list/
[06/Jun/2026 19:12:57] "GET /api/servers/ HTTP/1.1" 401 172
[06/Jun/2026 19:12:57] "GET /api/transactions/ HTTP/1.1" 401 172
[06/Jun/2026 19:12:57] "GET /api/notifications/ HTTP/1.1" 401 172
[06/Jun/2026 19:12:57] "GET /api/chat/list/ HTTP/1.1" 401 172
[06/Jun/2026 19:12:57] "GET /api/plans/ HTTP/1.1" 200 3259
[06/Jun/2026 19:12:57] "GET /api/plans/ HTTP/1.1" 200 3259
[06/Jun/2026 19:13:12] "POST /auth/jwt/create/ HTTP/1.1" 200 489
[06/Jun/2026 19:13:12] "GET /api/chat/list/ HTTP/1.1" 200 2
[06/Jun/2026 19:13:12] "GET /api/user-info/ HTTP/1.1" 200 178
[06/Jun/2026 19:13:12] "GET /api/plans/ HTTP/1.1" 200 3259
[06/Jun/2026 19:13:12] "GET /api/transactions/ HTTP/1.1" 200 474
[06/Jun/2026 19:13:12] "GET /api/notifications/ HTTP/1.1" 200 2
[06/Jun/2026 19:13:12] "GET /api/servers/ HTTP/1.1" 200 2
[06/Jun/2026 19:13:12] "GET /api/admin/chats/ HTTP/1.1" 200 138
[06/Jun/2026 19:13:12] "GET /api/settings/ HTTP/1.1" 200 33
[06/Jun/2026 19:13:17] "GET /api/user-info/ HTTP/1.1" 200 178
[06/Jun/2026 19:13:17] "GET /api/notifications/ HTTP/1.1" 200 2
[06/Jun/2026 19:13:17] "GET /api/transactions/ HTTP/1.1" 200 474
[06/Jun/2026 19:13:17] "GET /api/plans/ HTTP/1.1" 200 3259
[06/Jun/2026 19:13:17] "GET /api/chat/list/ HTTP/1.1" 200 2
[06/Jun/2026 19:13:17] "GET /api/servers/ HTTP/1.1" 200 2
[06/Jun/2026 19:13:17] "GET /api/admin/chats/ HTTP/1.1" 200 138
[06/Jun/2026 19:13:17] "GET /api/settings/ HTTP/1.1" 200 33
[06/Jun/2026 19:13:17] "GET /api/infrastructure/dns/ HTTP/1.1" 200 2
[06/Jun/2026 19:15:33] "GET /api/plans/ HTTP/1.1" 200 3259
[06/Jun/2026 19:15:33] "GET /api/notifications/ HTTP/1.1" 200 2
[06/Jun/2026 19:15:33] "GET /api/transactions/ HTTP/1.1" 200 474
[06/Jun/2026 19:15:33] "GET /api/user-info/ HTTP/1.1" 200 178
[06/Jun/2026 19:15:34] "GET /api/chat/list/ HTTP/1.1" 200 2
[06/Jun/2026 19:15:34] "GET /api/servers/ HTTP/1.1" 200 2
[06/Jun/2026 19:15:34] "GET /api/admin/chats/ HTTP/1.1" 200 138
[06/Jun/2026 19:15:35] "GET /api/settings/ HTTP/1.1" 200 33
[06/Jun/2026 19:17:08] "GET /api/plans/ HTTP/1.1" 200 3259
[06/Jun/2026 19:17:08] "GET /api/user-info/ HTTP/1.1" 200 178
[06/Jun/2026 19:17:08] "GET /api/transactions/ HTTP/1.1" 200 474
[06/Jun/2026 19:17:08] "GET /api/chat/list/ HTTP/1.1" 200 2
[06/Jun/2026 19:17:08] "GET /api/notifications/ HTTP/1.1" 200 2
[06/Jun/2026 19:17:09] "GET /api/servers/ HTTP/1.1" 200 2
[06/Jun/2026 19:17:09] "GET /api/admin/chats/ HTTP/1.1" 200 138
[06/Jun/2026 19:17:09] "GET /api/settings/ HTTP/1.1" 200 33
[06/Jun/2026 19:17:41] "POST /api/order/ HTTP/1.1" 200 162
[06/Jun/2026 19:17:41] "GET /api/user-info/ HTTP/1.1" 200 178
[06/Jun/2026 19:17:41] "GET /api/chat/list/ HTTP/1.1" 200 2
[06/Jun/2026 19:17:41] "GET /api/notifications/ HTTP/1.1" 200 2
[06/Jun/2026 19:17:41] "GET /api/transactions/ HTTP/1.1" 200 633
[06/Jun/2026 19:17:41] "GET /api/servers/ HTTP/1.1" 200 2
[06/Jun/2026 19:17:41] "GET /api/admin/chats/ HTTP/1.1" 200 138
[06/Jun/2026 19:17:41] "GET /api/settings/ HTTP/1.1" 200 33
[06/Jun/2026 19:19:42] "GET /api/health/ HTTP/1.1" 200 41
[06/Jun/2026 19:19:42] "GET /api/plans/ HTTP/1.1" 200 3259
Unauthorized: /api/order/
[06/Jun/2026 19:21:23] "POST /api/order/ HTTP/1.1" 401 172
Unauthorized: /api/user-info/
Unauthorized: /api/servers/
[06/Jun/2026 19:29:22] "GET /api/user-info/ HTTP/1.1" 401 172
Unauthorized: /api/transactions/
Unauthorized: /api/notifications/
Unauthorized: /api/chat/list/
[06/Jun/2026 19:29:22] "GET /api/transactions/ HTTP/1.1" 401 172
[06/Jun/2026 19:29:22] "GET /api/plans/ HTTP/1.1" 200 3259
[06/Jun/2026 19:29:22] "GET /api/notifications/ HTTP/1.1" 401 172
[06/Jun/2026 19:29:22] "GET /api/servers/ HTTP/1.1" 401 172
[06/Jun/2026 19:29:22] "GET /api/chat/list/ HTTP/1.1" 401 172
[06/Jun/2026 19:29:22] "GET /api/plans/ HTTP/1.1" 200 3259
