
> frontend@0.0.0 dev
> vite --host 0.0.0.0

Port 5173 is in use, trying another one...

  VITE v8.0.12  ready in 400 ms

  ➜  Local:   http://localhost:5174/
  ➜  Network: http://10.255.255.254:5174/
  ➜  Network: http://192.168.0.107:5174/
  ➜  Network: http://10.238.21.1:5174/
1:01:40 AM [vite] (client) hmr update /src/App.tsx, /src/index.css
1:05:14 AM [vite] (client) hmr update /src/components/BillingPage.tsx, /src/index.css
1:06:38 AM [vite] (client) hmr update /src/App.tsx, /src/index.css
1:06:52 AM [vite] (client) hmr update /src/components/BillingPage.tsx, /src/index.css
1:07:09 AM [vite] (client) hmr update /src/App.tsx, /src/index.css
1:07:37 AM [vite] (client) hmr update /src/App.tsx, /src/index.css
1:11:00 AM [vite] (client) hmr update /src/App.tsx, /src/index.css
1:11:45 AM [vite] (client) hmr update /src/App.tsx, /src/index.css
1:17:08 AM [vite] (client) hmr update /src/App.tsx, /src/index.css
1:46:43 AM [vite] changed tsconfig file detected: /home/cloud/deployment/tblinstance.github.io/src/deployment/frontend/tsconfig.json - Clearing cache and forcing full-reload to ensure TypeScript is compiled with updated config values.
1:46:43 AM [vite] .env changed, restarting server...
1:46:43 AM [vite] (client) page reload index.html
1:46:43 AM [vite] (client) hmr update /src/App.css, /src/index.css
1:46:43 AM [vite] (client) hmr update /src/App.tsx, /src/index.css
1:46:43 AM [vite] (client) hmr update /src/components/ActivityLogsPage.tsx, /src/index.css
1:46:43 AM [vite] (client) hmr update /src/components/AdminDashboard.tsx, /src/index.css
1:46:43 AM [vite] (client) hmr update /src/components/AdminDeployPage.tsx, /src/index.css
1:46:43 AM [vite] (client) hmr update /src/components/AdminNetworkingPage.tsx, /src/index.css
1:46:43 AM [vite] (client) hmr update /src/components/AdminPermissionsPage.tsx, /src/index.css
1:46:43 AM [vite] (client) hmr update /src/components/AdminServersPage.tsx, /src/index.css
1:46:43 AM [vite] (client) hmr update /src/components/AdminStoragePage.tsx, /src/index.css
1:46:43 AM [vite] (client) hmr update /src/components/ApiDiagnosticsPage.tsx, /src/index.css
1:46:43 AM [vite] (client) hmr update /src/components/BillingPage.tsx, /src/index.css
1:46:43 AM [vite] (client) hmr update /src/components/BroadcastPage.tsx, /src/index.css
1:46:43 AM [vite] (client) hmr update /src/components/DNSZonesPage.tsx, /src/index.css
1:46:43 AM [vite] (client) hmr update /src/components/DeployModal.tsx, /src/index.css
1:46:43 AM [vite] (client) hmr update /src/components/FirewallsPage.tsx, /src/index.css
1:46:43 AM [vite] (client) hmr update /src/components/GlobalDNSPage.tsx, /src/index.css
1:46:43 AM [vite] (client) hmr update /src/components/GlobalModals.tsx, /src/index.css
1:46:43 AM [vite] (client) hmr update /src/components/InfraMapPage.tsx, /src/index.css
1:46:43 AM [vite] (client) hmr update /src/components/LoadBalancersPage.tsx, /src/index.css
1:46:43 AM [vite] (client) hmr update /src/components/MarketplacePage.tsx, /src/index.css
1:46:43 AM [vite] (client) hmr update /src/components/NetworkingPage.tsx, /src/index.css
1:46:43 AM [vite] (client) hmr update /src/components/PublicFooter.tsx, /src/index.css
1:46:43 AM [vite] (client) hmr update /src/components/PublicNavbar.tsx, /src/index.css
1:46:43 AM [vite] (client) hmr update /src/components/PublicSidebar.tsx, /src/index.css
1:46:43 AM [vite] (client) hmr update /src/components/QuotasPage.tsx, /src/index.css
1:46:43 AM [vite] (client) hmr update /src/components/ServersPage.tsx, /src/index.css
1:46:43 AM [vite] (client) hmr update /src/components/SettingsPage.tsx, /src/index.css
1:46:43 AM [vite] (client) hmr update /src/components/SnapshotsPage.tsx, /src/index.css
1:46:43 AM [vite] (client) hmr update /src/components/StoragePage.tsx, /src/index.css
1:46:43 AM [vite] (client) hmr update /src/components/SupportChat.tsx, /src/index.css
1:46:43 AM [vite] (client) hmr update /src/components/SystemSettingsPage.tsx, /src/index.css
1:46:43 AM [vite] (cli1:46:43 AM [vite] (client) page reload src/components/PublicFooter.tsx
1:46:43 AM [vite] (client) page reload src/components/PublicNavbar.tsx
1:46:43 AM [vite] (client) page reload src/components/PublicSidebar.tsx
1:46:43 AM [vite] (client) page reload src/components/QuotasPage.tsx
1:46:43 AM [vite] (client) page reload src/components/ServersPage.tsx
1:46:43 AM [vite] (client) page reload src/components/SettingsPage.tsx
1:46:43 AM [vite] (client) page reload src/components/SnapshotsPage.tsx
1:46:43 AM [vite] (client) page reload src/components/StoragePage.tsx
1:46:43 AM [vite] (client) page reload src/components/SupportChat.tsx
1:46:43 AM [vite] (client) page reload src/components/SystemSettingsPage.tsx
1:46:43 AM [vite] (client) page reload src/components/UsersPage.tsx
1:46:43 AM [vite] (client) page reload src/components/types.ts
1:46:43 AM [vite] (client) page reload src/store/AppStore.tsx
1:46:43 AM [vite] (client) page reload src/store/types.ts
1:46:43 AM [vite] (client) page reload src/views/community/CommunityView.tsx
1:46:43 AM [vite] (client) page reload src/views/docs/DocumentationView.tsx
1:46:43 AM [vite] (client) page reload src/views/landing/LandingView.tsx
1:46:43 AM [vite] (client) page reload src/views/login/LoginView.tsx
1:46:43 AM [vite] (client) page reload src/views/login/PasswordResetConfirmView.tsx
1:46:43 AM [vite] (client) page reload src/views/login/UserActivationView.tsx
1:46:43 AM [vite] (client) page reload src/views/pricing/PricingView.tsx
